[WARN] failed to initialize linked accounts Please install the sqlite3 adapter: `gem install activerecord-sqlite3-adapter` (sqlite3 is not part of the bundle. Add it to Gemfile.)
[WARN] failed to initialize linked accounts Could not find table 'users'
  [1m[36m (0.1ms)[0m  [1mselect sqlite_version(*)[0m
  [1m[35m (2.4ms)[0m  CREATE TABLE "schema_migrations" ("version" varchar(255) NOT NULL) 
  [1m[36m (0.0ms)[0m  [1mPRAGMA index_list("schema_migrations")[0m
  [1m[35m (1.9ms)[0m  CREATE UNIQUE INDEX "unique_schema_migrations" ON "schema_migrations" ("version")
  [1m[36m (0.1ms)[0m  [1mSELECT "schema_migrations"."version" FROM "schema_migrations" [0m
[WARN] failed to initialize linked accounts Could not find table 'users'
  [1m[36m (0.1ms)[0m  [1mSELECT "schema_migrations"."version" FROM "schema_migrations" [0m
Migrating to CreateUsers (20120505172322)
  [1m[35m (0.0ms)[0m  select sqlite_version(*)
  [1m[36m (1.1ms)[0m  [1mCREATE TABLE "users" ("id" INTEGER PRIMARY KEY AUTOINCREMENT NOT NULL, "username" varchar(255), "name" varchar(255), "email" varchar(255), "password_digest" varchar(255), "auth_token" varchar(255), "created_at" datetime, "updated_at" datetime) [0m
  [1m[35m (0.2ms)[0m  INSERT INTO "schema_migrations" ("version") VALUES ('20120505172322')
Migrating to CreateLetMeInLinkedAccounts (20120505172323)
  [1m[36m (0.5ms)[0m  [1mCREATE TABLE "linked_accounts" ("id" INTEGER PRIMARY KEY AUTOINCREMENT NOT NULL, "user_id" integer, "type" varchar(255), "app_username" varchar(255), "app_user_id" varchar(255), "token" varchar(255), "secret" varchar(255), "refresh_token" varchar(255), "image_url" varchar(255), "url" varchar(255), "created_at" datetime, "updated_at" datetime) [0m
  [1m[35m (0.1ms)[0m  INSERT INTO "schema_migrations" ("version") VALUES ('20120505172323')
  [1m[36m (3.4ms)[0m  [1mselect sqlite_version(*)[0m
  [1m[35m (0.1ms)[0m  SELECT "schema_migrations"."version" FROM "schema_migrations" 
  [1m[36m (0.0ms)[0m  [1mPRAGMA index_list("linked_accounts")[0m
  [1m[35m (0.0ms)[0m  PRAGMA index_list("users")
  [1m[36mUser Load (0.1ms)[0m  [1mSELECT "users".* FROM "users" LIMIT 1[0m
  [1m[35m (0.1ms)[0m  SELECT "schema_migrations"."version" FROM "schema_migrations" 
  [1m[36m (0.3ms)[0m  [1mselect sqlite_version(*)[0m
  [1m[35m (1.6ms)[0m  CREATE TABLE "linked_accounts" ("id" INTEGER PRIMARY KEY AUTOINCREMENT NOT NULL, "user_id" integer, "type" varchar(255), "app_username" varchar(255), "app_user_id" varchar(255), "token" varchar(255), "secret" varchar(255), "refresh_token" varchar(255), "image_url" varchar(255), "url" varchar(255), "created_at" datetime, "updated_at" datetime) 
  [1m[36m (1.3ms)[0m  [1mCREATE TABLE "users" ("id" INTEGER PRIMARY KEY AUTOINCREMENT NOT NULL, "username" varchar(255), "name" varchar(255), "email" varchar(255), "password_digest" varchar(255), "auth_token" varchar(255), "created_at" datetime, "updated_at" datetime) [0m
  [1m[35m (1.3ms)[0m  CREATE TABLE "schema_migrations" ("version" varchar(255) NOT NULL) 
  [1m[36m (0.0ms)[0m  [1mPRAGMA index_list("schema_migrations")[0m
  [1m[35m (1.3ms)[0m  CREATE UNIQUE INDEX "unique_schema_migrations" ON "schema_migrations" ("version")
  [1m[36m (0.1ms)[0m  [1mSELECT version FROM "schema_migrations"[0m
  [1m[35m (1.8ms)[0m  INSERT INTO "schema_migrations" (version) VALUES ('20120505172323')
  [1m[36m (1.4ms)[0m  [1mINSERT INTO "schema_migrations" (version) VALUES ('20120505172322')[0m
  [1m[36mUser Load (0.1ms)[0m  [1mSELECT "users".* FROM "users" LIMIT 1[0m
  [1m[36mUser Load (0.1ms)[0m  [1mSELECT "users".* FROM "users" LIMIT 1[0m
Binary data inserted for `string` type on column `password_digest`
  [1m[36mUser Load (0.2ms)[0m  [1mSELECT "users".* FROM "users" LIMIT 1[0m
  [1m[35mLinkedAccount Load (0.2ms)[0m  SELECT "linked_accounts".* FROM "linked_accounts" WHERE "linked_accounts"."user_id" = 2 AND "linked_accounts"."type" = 'Banters' LIMIT 1
WARNING: Can't mass-assign protected attributes: type
  [1m[36mSQL (27.4ms)[0m  [1mINSERT INTO "linked_accounts" ("app_user_id", "app_username", "created_at", "image_url", "refresh_token", "secret", "token", "type", "updated_at", "url", "user_id") VALUES (?, ?, ?, ?, ?, ?, ?, ?, ?, ?, ?)[0m  [["app_user_id", nil], ["app_username", nil], ["created_at", Sat, 05 May 2012 19:06:04 UTC +00:00], ["image_url", nil], ["refresh_token", nil], ["secret", nil], ["token", nil], ["type", nil], ["updated_at", Sat, 05 May 2012 19:06:04 UTC +00:00], ["url", nil], ["user_id", 2]]
  [1m[35mLinkedAccount Load (0.3ms)[0m  SELECT "linked_accounts".* FROM "linked_accounts" WHERE "linked_accounts"."user_id" = 2 AND "linked_accounts"."type" = 'Banters' LIMIT 1
WARNING: Can't mass-assign protected attributes: type
  [1m[36mSQL (0.4ms)[0m  [1mINSERT INTO "linked_accounts" ("app_user_id", "app_username", "created_at", "image_url", "refresh_token", "secret", "token", "type", "updated_at", "url", "user_id") VALUES (?, ?, ?, ?, ?, ?, ?, ?, ?, ?, ?)[0m  [["app_user_id", nil], ["app_username", nil], ["created_at", Sat, 05 May 2012 19:06:04 UTC +00:00], ["image_url", nil], ["refresh_token", nil], ["secret", nil], ["token", nil], ["type", nil], ["updated_at", Sat, 05 May 2012 19:06:04 UTC +00:00], ["url", nil], ["user_id", 2]]
  [1m[35mLinkedAccount Load (0.2ms)[0m  SELECT "linked_accounts".* FROM "linked_accounts" WHERE "linked_accounts"."user_id" = 2 AND "linked_accounts"."type" = 'Instagram' LIMIT 1
WARNING: Can't mass-assign protected attributes: type
  [1m[36mSQL (0.4ms)[0m  [1mINSERT INTO "linked_accounts" ("app_user_id", "app_username", "created_at", "image_url", "refresh_token", "secret", "token", "type", "updated_at", "url", "user_id") VALUES (?, ?, ?, ?, ?, ?, ?, ?, ?, ?, ?)[0m  [["app_user_id", nil], ["app_username", nil], ["created_at", Sat, 05 May 2012 19:06:04 UTC +00:00], ["image_url", nil], ["refresh_token", nil], ["secret", nil], ["token", nil], ["type", nil], ["updated_at", Sat, 05 May 2012 19:06:04 UTC +00:00], ["url", nil], ["user_id", 2]]
  [1m[35mLinkedAccount Load (0.2ms)[0m  SELECT "linked_accounts".* FROM "linked_accounts" WHERE "linked_accounts"."user_id" = 2 AND "linked_accounts"."type" = 'Instagram' LIMIT 1
WARNING: Can't mass-assign protected attributes: type
  [1m[36mSQL (0.4ms)[0m  [1mINSERT INTO "linked_accounts" ("app_user_id", "app_username", "created_at", "image_url", "refresh_token", "secret", "token", "type", "updated_at", "url", "user_id") VALUES (?, ?, ?, ?, ?, ?, ?, ?, ?, ?, ?)[0m  [["app_user_id", nil], ["app_username", nil], ["created_at", Sat, 05 May 2012 19:06:04 UTC +00:00], ["image_url", nil], ["refresh_token", nil], ["secret", nil], ["token", nil], ["type", nil], ["updated_at", Sat, 05 May 2012 19:06:04 UTC +00:00], ["url", nil], ["user_id", 2]]
  [1m[35mLinkedAccount Load (0.2ms)[0m  SELECT "linked_accounts".* FROM "linked_accounts" WHERE "linked_accounts"."user_id" = 2 AND "linked_accounts"."type" = 'Twitter' LIMIT 1
WARNING: Can't mass-assign protected attributes: type
  [1m[36mSQL (0.4ms)[0m  [1mINSERT INTO "linked_accounts" ("app_user_id", "app_username", "created_at", "image_url", "refresh_token", "secret", "token", "type", "updated_at", "url", "user_id") VALUES (?, ?, ?, ?, ?, ?, ?, ?, ?, ?, ?)[0m  [["app_user_id", nil], ["app_username", nil], ["created_at", Sat, 05 May 2012 19:06:04 UTC +00:00], ["image_url", nil], ["refresh_token", nil], ["secret", nil], ["token", nil], ["type", nil], ["updated_at", Sat, 05 May 2012 19:06:04 UTC +00:00], ["url", nil], ["user_id", 2]]
  [1m[35mLinkedAccount Load (0.3ms)[0m  SELECT "linked_accounts".* FROM "linked_accounts" WHERE "linked_accounts"."user_id" = 2 AND "linked_accounts"."type" = 'Twitter' LIMIT 1
WARNING: Can't mass-assign protected attributes: type
  [1m[36mSQL (0.4ms)[0m  [1mINSERT INTO "linked_accounts" ("app_user_id", "app_username", "created_at", "image_url", "refresh_token", "secret", "token", "type", "updated_at", "url", "user_id") VALUES (?, ?, ?, ?, ?, ?, ?, ?, ?, ?, ?)[0m  [["app_user_id", nil], ["app_username", nil], ["created_at", Sat, 05 May 2012 19:06:04 UTC +00:00], ["image_url", nil], ["refresh_token", nil], ["secret", nil], ["token", nil], ["type", nil], ["updated_at", Sat, 05 May 2012 19:06:04 UTC +00:00], ["url", nil], ["user_id", 2]]
WARNING: Can't mass-assign protected attributes: password
WARNING: Can't mass-assign protected attributes: password
WARNING: Can't mass-assign protected attributes: password, password_confirmation
WARNING: Can't mass-assign protected attributes: password, password_confirmation
WARNING: Can't mass-assign protected attributes: password, password_confirmation
  [1m[36mUser Load (0.1ms)[0m  [1mSELECT "users".* FROM "users" LIMIT 1[0m
WARNING: Can't mass-assign protected attributes: password, password_confirmation
WARNING: Can't mass-assign protected attributes: password, password_confirmation
  [1m[36mUser Load (0.2ms)[0m  [1mSELECT "users".* FROM "users" LIMIT 1[0m
  [1m[36mUser Load (0.2ms)[0m  [1mSELECT "users".* FROM "users" LIMIT 1[0m
WARNING: Can't mass-assign protected attributes: password, password_confirmation
  [1m[36mUser Load (0.2ms)[0m  [1mSELECT "users".* FROM "users" LIMIT 1[0m
Binary data inserted for `string` type on column `password_digest`
Binary data inserted for `string` type on column `password_digest`
  [1m[36mUser Load (0.2ms)[0m  [1mSELECT "users".* FROM "users" LIMIT 1[0m
  [1m[35mLinkedAccount Load (0.2ms)[0m  SELECT "linked_accounts".* FROM "linked_accounts" WHERE "linked_accounts"."user_id" = 4 AND "linked_accounts"."type" = 'Banters' LIMIT 1
WARNING: Can't mass-assign protected attributes: type
  [1m[36mSQL (25.6ms)[0m  [1mINSERT INTO "linked_accounts" ("app_user_id", "app_username", "created_at", "image_url", "refresh_token", "secret", "token", "type", "updated_at", "url", "user_id") VALUES (?, ?, ?, ?, ?, ?, ?, ?, ?, ?, ?)[0m  [["app_user_id", nil], ["app_username", nil], ["created_at", Sat, 05 May 2012 20:30:27 UTC +00:00], ["image_url", nil], ["refresh_token", nil], ["secret", nil], ["token", nil], ["type", nil], ["updated_at", Sat, 05 May 2012 20:30:27 UTC +00:00], ["url", nil], ["user_id", 4]]
  [1m[35mLinkedAccount Load (0.2ms)[0m  SELECT "linked_accounts".* FROM "linked_accounts" WHERE "linked_accounts"."user_id" = 4 AND "linked_accounts"."type" = 'Banters' LIMIT 1
WARNING: Can't mass-assign protected attributes: type
  [1m[36mSQL (0.5ms)[0m  [1mINSERT INTO "linked_accounts" ("app_user_id", "app_username", "created_at", "image_url", "refresh_token", "secret", "token", "type", "updated_at", "url", "user_id") VALUES (?, ?, ?, ?, ?, ?, ?, ?, ?, ?, ?)[0m  [["app_user_id", nil], ["app_username", nil], ["created_at", Sat, 05 May 2012 20:30:27 UTC +00:00], ["image_url", nil], ["refresh_token", nil], ["secret", nil], ["token", nil], ["type", nil], ["updated_at", Sat, 05 May 2012 20:30:27 UTC +00:00], ["url", nil], ["user_id", 4]]
  [1m[35mLinkedAccount Load (0.2ms)[0m  SELECT "linked_accounts".* FROM "linked_accounts" WHERE "linked_accounts"."user_id" = 4 AND "linked_accounts"."type" = 'Instagram' LIMIT 1
WARNING: Can't mass-assign protected attributes: type
  [1m[36mSQL (0.4ms)[0m  [1mINSERT INTO "linked_accounts" ("app_user_id", "app_username", "created_at", "image_url", "refresh_token", "secret", "token", "type", "updated_at", "url", "user_id") VALUES (?, ?, ?, ?, ?, ?, ?, ?, ?, ?, ?)[0m  [["app_user_id", nil], ["app_username", nil], ["created_at", Sat, 05 May 2012 20:30:27 UTC +00:00], ["image_url", nil], ["refresh_token", nil], ["secret", nil], ["token", nil], ["type", nil], ["updated_at", Sat, 05 May 2012 20:30:27 UTC +00:00], ["url", nil], ["user_id", 4]]
  [1m[35mLinkedAccount Load (0.2ms)[0m  SELECT "linked_accounts".* FROM "linked_accounts" WHERE "linked_accounts"."user_id" = 4 AND "linked_accounts"."type" = 'Instagram' LIMIT 1
WARNING: Can't mass-assign protected attributes: type
  [1m[36mSQL (0.4ms)[0m  [1mINSERT INTO "linked_accounts" ("app_user_id", "app_username", "created_at", "image_url", "refresh_token", "secret", "token", "type", "updated_at", "url", "user_id") VALUES (?, ?, ?, ?, ?, ?, ?, ?, ?, ?, ?)[0m  [["app_user_id", nil], ["app_username", nil], ["created_at", Sat, 05 May 2012 20:30:27 UTC +00:00], ["image_url", nil], ["refresh_token", nil], ["secret", nil], ["token", nil], ["type", nil], ["updated_at", Sat, 05 May 2012 20:30:27 UTC +00:00], ["url", nil], ["user_id", 4]]
  [1m[35mLinkedAccount Load (0.2ms)[0m  SELECT "linked_accounts".* FROM "linked_accounts" WHERE "linked_accounts"."user_id" = 4 AND "linked_accounts"."type" = 'Twitter' LIMIT 1
WARNING: Can't mass-assign protected attributes: type
  [1m[36mSQL (0.4ms)[0m  [1mINSERT INTO "linked_accounts" ("app_user_id", "app_username", "created_at", "image_url", "refresh_token", "secret", "token", "type", "updated_at", "url", "user_id") VALUES (?, ?, ?, ?, ?, ?, ?, ?, ?, ?, ?)[0m  [["app_user_id", nil], ["app_username", nil], ["created_at", Sat, 05 May 2012 20:30:27 UTC +00:00], ["image_url", nil], ["refresh_token", nil], ["secret", nil], ["token", nil], ["type", nil], ["updated_at", Sat, 05 May 2012 20:30:27 UTC +00:00], ["url", nil], ["user_id", 4]]
  [1m[35mLinkedAccount Load (0.2ms)[0m  SELECT "linked_accounts".* FROM "linked_accounts" WHERE "linked_accounts"."user_id" = 4 AND "linked_accounts"."type" = 'Twitter' LIMIT 1
WARNING: Can't mass-assign protected attributes: type
  [1m[36mSQL (0.4ms)[0m  [1mINSERT INTO "linked_accounts" ("app_user_id", "app_username", "created_at", "image_url", "refresh_token", "secret", "token", "type", "updated_at", "url", "user_id") VALUES (?, ?, ?, ?, ?, ?, ?, ?, ?, ?, ?)[0m  [["app_user_id", nil], ["app_username", nil], ["created_at", Sat, 05 May 2012 20:30:27 UTC +00:00], ["image_url", nil], ["refresh_token", nil], ["secret", nil], ["token", nil], ["type", nil], ["updated_at", Sat, 05 May 2012 20:30:27 UTC +00:00], ["url", nil], ["user_id", 4]]
  [1m[36mUser Load (0.2ms)[0m  [1mSELECT "users".* FROM "users" LIMIT 1[0m
  [1m[35mLinkedAccount Load (0.2ms)[0m  SELECT "linked_accounts".* FROM "linked_accounts" WHERE "linked_accounts"."user_id" = 4 AND "linked_accounts"."type" = 'Banters' LIMIT 1
WARNING: Can't mass-assign protected attributes: type
  [1m[36mSQL (25.7ms)[0m  [1mINSERT INTO "linked_accounts" ("app_user_id", "app_username", "created_at", "image_url", "refresh_token", "secret", "token", "type", "updated_at", "url", "user_id") VALUES (?, ?, ?, ?, ?, ?, ?, ?, ?, ?, ?)[0m  [["app_user_id", nil], ["app_username", nil], ["created_at", Sat, 05 May 2012 20:38:29 UTC +00:00], ["image_url", nil], ["refresh_token", nil], ["secret", nil], ["token", nil], ["type", nil], ["updated_at", Sat, 05 May 2012 20:38:29 UTC +00:00], ["url", nil], ["user_id", 4]]
  [1m[35mLinkedAccount Load (0.3ms)[0m  SELECT "linked_accounts".* FROM "linked_accounts" WHERE "linked_accounts"."user_id" = 4 AND "linked_accounts"."type" = 'Banters' LIMIT 1
WARNING: Can't mass-assign protected attributes: type
  [1m[36mSQL (0.4ms)[0m  [1mINSERT INTO "linked_accounts" ("app_user_id", "app_username", "created_at", "image_url", "refresh_token", "secret", "token", "type", "updated_at", "url", "user_id") VALUES (?, ?, ?, ?, ?, ?, ?, ?, ?, ?, ?)[0m  [["app_user_id", nil], ["app_username", nil], ["created_at", Sat, 05 May 2012 20:38:29 UTC +00:00], ["image_url", nil], ["refresh_token", nil], ["secret", nil], ["token", nil], ["type", nil], ["updated_at", Sat, 05 May 2012 20:38:29 UTC +00:00], ["url", nil], ["user_id", 4]]
  [1m[35mLinkedAccount Load (0.2ms)[0m  SELECT "linked_accounts".* FROM "linked_accounts" WHERE "linked_accounts"."user_id" = 4 AND "linked_accounts"."type" = 'Instagram' LIMIT 1
WARNING: Can't mass-assign protected attributes: type
  [1m[36mSQL (0.4ms)[0m  [1mINSERT INTO "linked_accounts" ("app_user_id", "app_username", "created_at", "image_url", "refresh_token", "secret", "token", "type", "updated_at", "url", "user_id") VALUES (?, ?, ?, ?, ?, ?, ?, ?, ?, ?, ?)[0m  [["app_user_id", nil], ["app_username", nil], ["created_at", Sat, 05 May 2012 20:38:29 UTC +00:00], ["image_url", nil], ["refresh_token", nil], ["secret", nil], ["token", nil], ["type", nil], ["updated_at", Sat, 05 May 2012 20:38:29 UTC +00:00], ["url", nil], ["user_id", 4]]
  [1m[35mLinkedAccount Load (0.2ms)[0m  SELECT "linked_accounts".* FROM "linked_accounts" WHERE "linked_accounts"."user_id" = 4 AND "linked_accounts"."type" = 'Instagram' LIMIT 1
WARNING: Can't mass-assign protected attributes: type
  [1m[36mSQL (0.4ms)[0m  [1mINSERT INTO "linked_accounts" ("app_user_id", "app_username", "created_at", "image_url", "refresh_token", "secret", "token", "type", "updated_at", "url", "user_id") VALUES (?, ?, ?, ?, ?, ?, ?, ?, ?, ?, ?)[0m  [["app_user_id", nil], ["app_username", nil], ["created_at", Sat, 05 May 2012 20:38:29 UTC +00:00], ["image_url", nil], ["refresh_token", nil], ["secret", nil], ["token", nil], ["type", nil], ["updated_at", Sat, 05 May 2012 20:38:29 UTC +00:00], ["url", nil], ["user_id", 4]]
  [1m[35mLinkedAccount Load (0.2ms)[0m  SELECT "linked_accounts".* FROM "linked_accounts" WHERE "linked_accounts"."user_id" = 4 AND "linked_accounts"."type" = 'Twitter' LIMIT 1
WARNING: Can't mass-assign protected attributes: type
  [1m[36mSQL (0.4ms)[0m  [1mINSERT INTO "linked_accounts" ("app_user_id", "app_username", "created_at", "image_url", "refresh_token", "secret", "token", "type", "updated_at", "url", "user_id") VALUES (?, ?, ?, ?, ?, ?, ?, ?, ?, ?, ?)[0m  [["app_user_id", nil], ["app_username", nil], ["created_at", Sat, 05 May 2012 20:38:29 UTC +00:00], ["image_url", nil], ["refresh_token", nil], ["secret", nil], ["token", nil], ["type", nil], ["updated_at", Sat, 05 May 2012 20:38:29 UTC +00:00], ["url", nil], ["user_id", 4]]
  [1m[35mLinkedAccount Load (0.2ms)[0m  SELECT "linked_accounts".* FROM "linked_accounts" WHERE "linked_accounts"."user_id" = 4 AND "linked_accounts"."type" = 'Twitter' LIMIT 1
WARNING: Can't mass-assign protected attributes: type
  [1m[36mSQL (0.4ms)[0m  [1mINSERT INTO "linked_accounts" ("app_user_id", "app_username", "created_at", "image_url", "refresh_token", "secret", "token", "type", "updated_at", "url", "user_id") VALUES (?, ?, ?, ?, ?, ?, ?, ?, ?, ?, ?)[0m  [["app_user_id", nil], ["app_username", nil], ["created_at", Sat, 05 May 2012 20:38:29 UTC +00:00], ["image_url", nil], ["refresh_token", nil], ["secret", nil], ["token", nil], ["type", nil], ["updated_at", Sat, 05 May 2012 20:38:29 UTC +00:00], ["url", nil], ["user_id", 4]]
